<?xml version="1.0" encoding="UTF-8"?>
<!-- Generated by org.testng.reporters.JUnitReportReporter -->
<testsuite hostname="DEEPAK0001" failures="0" tests="1" name="testClasses.VerifyUserCanAddFundsToAccount" time="15.073" errors="0" timestamp="2022-06-08T12:38:06 IST" skipped="0">
  <testcase classname="testClasses.VerifyUserCanAddFundsToAccount" name="ClickOnLogin" time="15.073"/>
  <system-out/>
</testsuite> <!-- testClasses.VerifyUserCanAddFundsToAccount -->
